\BOOKMARK [0][-]{section*.2}{\376\377\000I\000l\000l\000u\000s\000t\000r\000a\000t\000i\000o\000n\000s}{}% 1
\BOOKMARK [-1][-]{part.1}{\376\377\000A\000\040\000S\000t\000a\000c\000k\000\040\000M\000a\000c\000h\000i\000n\000e}{}% 2
\BOOKMARK [0][-]{chapter.1}{\376\377\000A\000\040\000s\000t\000a\000c\000k\000\040\000b\000a\000s\000e\000d\000\040\000l\000a\000n\000g\000u\000a\000g\000e\000\040\000\050\000a\000n\000d\000\040\000t\000h\000e\000\040\000s\000t\000a\000c\000k\000\051}{part.1}% 3
\BOOKMARK [0][-]{chapter.2}{\376\377\000C\000o\000m\000p\000i\000l\000i\000n\000g\000\040\000A\000S\000T\000\040\000t\000o\000\040\000s\000t\000a\000c\000k\000\040\000c\000o\000d\000e}{part.1}% 4
\BOOKMARK [0][-]{chapter.3}{\376\377\000A\000\040\000s\000t\000a\000c\000k\000\040\000b\000a\000s\000e\000d\000\040\000i\000n\000t\000e\000r\000p\000r\000e\000t\000e\000r}{part.1}% 5
\BOOKMARK [0][-]{chapter.4}{\376\377\000C\000a\000l\000l\000i\000n\000g\000\040\000c\000o\000n\000v\000e\000n\000t\000i\000o\000n\000s\000,\000\040\000s\000t\000a\000c\000k\000\040\000m\000a\000n\000a\000g\000e\000m\000e\000n\000t\000\040\000\050\000F\000P\000,\000\040\000S\000P\040\046\000\051}{part.1}% 6
\BOOKMARK [0][-]{chapter.5}{\376\377\000C\000o\000n\000t\000r\000o\000l\000\040\000f\000l\000o\000w\000\040\000\050\000i\000f\000\051}{part.1}% 7
\BOOKMARK [1][-]{section.5.1}{\376\377\000B\000a\000s\000i\000c\000\040\000B\000l\000o\000c\000k}{chapter.5}% 8
\BOOKMARK [0][-]{chapter.6}{\376\377\000L\000o\000o\000p\000s\000:\000\040\000B\000a\000c\000k\000\040\000J\000u\000m\000p}{part.1}% 9
\BOOKMARK [-1][-]{part.2}{\376\377\000A\000\040\000R\000e\000g\000i\000s\000t\000e\000r\000\040\000M\000a\000c\000h\000i\000n\000e}{}% 10
\BOOKMARK [0][-]{chapter.7}{\376\377\000A\000s\000s\000e\000m\000b\000l\000y\000\040\000O\000v\000e\000r\000v\000i\000e\000w\000\040\000\050\000m\000a\000y\000b\000e\000\040\000o\000u\000r\000\040\000o\000w\000n\000\040\000s\000i\000m\000p\000l\000e\000\040\000a\000s\000s\000e\000m\000b\000l\000y\000?\000\051}{part.2}% 11
\BOOKMARK [0][-]{chapter.8}{\376\377\000C\000o\000m\000p\000i\000l\000i\000n\000g\000\040\000A\000S\000T\000\040\000t\000o\000\040\000r\000e\000g\000i\000s\000t\000e\000r\000\040\000c\000o\000d\000e\000\040\000-\000\040\000f\000i\000r\000s\000t\000\040\000v\000e\000r\000s\000i\000o\000n}{part.2}% 12
\BOOKMARK [0][-]{chapter.9}{\376\377\000C\000o\000m\000p\000i\000l\000i\000n\000g\000\040\000S\000t\000a\000c\000k\000\040\000C\000o\000d\000e\000\040\000t\000o\000\040\000R\000e\000g\000i\000s\000t\000e\000r\000\040\000c\000o\000d\000e}{part.2}% 13
\BOOKMARK [0][-]{chapter.10}{\376\377\000C\000a\000l\000l\000i\000n\000g\000\040\000c\000o\000n\000v\000e\000n\000t\000i\000o\000n\000\040\000r\000e\000v\000i\000s\000i\000t\000e\000d}{part.2}% 14
\BOOKMARK [-1][-]{part.3}{\376\377\000S\000t\000a\000t\000i\000c\000\040\000S\000i\000n\000g\000l\000e\000\040\000A\000s\000s\000i\000g\000n\000m\000e\000n\000t}{}% 15
\BOOKMARK [0][-]{chapter.11}{\376\377\000S\000S\000A}{part.3}% 16
\BOOKMARK [0][-]{chapter.12}{\376\377\000B\000u\000i\000l\000d\000i\000n\000g\000\040\000S\000S\000A\000\040\000f\000r\000o\000m\000\040\000A\000S\000T}{part.3}% 17
\BOOKMARK [0][-]{chapter.13}{\376\377\000B\000u\000i\000l\000d\000i\000n\000g\000\040\000S\000S\000A\000\040\000f\000r\000o\000m\000\040\000s\000t\000a\000c\000k\000\040\000c\000o\000d\000e}{part.3}% 18
\BOOKMARK [-1][-]{part.4}{\376\377\000C\000o\000d\000e\000\040\000T\000r\000a\000n\000s\000f\000o\000r\000m\000a\000t\000i\000o\000n\000s}{}% 19
\BOOKMARK [0][-]{chapter.14}{\376\377\000F\000i\000x\000e\000d\000\040\000P\000o\000i\000n\000t\000\040\000a\000l\000g\000o\000r\000i\000t\000h\000m\000s}{part.4}% 20
\BOOKMARK [0][-]{chapter.15}{\376\377\000O\000p\000t\000i\000m\000i\000z\000a\000t\000i\000o\000n\000\040\000a}{part.4}% 21
\BOOKMARK [0][-]{chapter.16}{\376\377\000O\000p\000t\000i\000m\000i\000z\000a\000t\000i\000o\000n\000\040\000b}{part.4}% 22
\BOOKMARK [0][-]{chapter.17}{\376\377\000R\000e\000g\000i\000s\000t\000e\000r\000\040\000A\000l\000l\000o\000c\000a\000t\000i\000o\000n}{part.4}% 23
\BOOKMARK [0][-]{chapter*.7}{\376\377\000B\000i\000b\000l\000i\000o\000g\000r\000a\000p\000h\000y}{part.4}% 24
